2025-12-03 09:12:00 -> CaloriesPrediction: Initialize repository and project structure
2025-12-03 14:28:00 -> CaloriesPrediction: Add raw calories dataset files
2025-12-06 10:05:00 -> CaloriesPrediction: Create data loading utilities
2025-12-09 11:47:00 -> CaloriesPrediction: Perform initial dataset inspection
2025-12-09 15:32:00 -> CaloriesPrediction: Generate descriptive statistics report
2025-12-09 18:04:00 -> CaloriesPrediction: Document dataset observations
2025-12-12 09:41:00 -> CaloriesPrediction: Handle missing values in training data
2025-12-12 16:55:00 -> CaloriesPrediction: Remove duplicate records
2025-12-18 09:18:00 -> CaloriesPrediction: Add feature distribution visualizations
2025-12-18 13:40:00 -> CaloriesPrediction: Build correlation heatmap analysis
2025-12-18 17:26:00 -> CaloriesPrediction: Study feature-target relationships
2025-12-22 11:05:00 -> CaloriesPrediction: Implement feature scaling pipeline
2025-12-22 14:33:00 -> CaloriesPrediction: Encode categorical attributes
2025-12-28 10:11:00 -> CaloriesPrediction: Create train-test split workflow
2026-01-03 09:29:00 -> CaloriesPrediction: Train baseline linear regression model
2026-01-03 15:44:00 -> CaloriesPrediction: Evaluate baseline model metrics
2026-01-07 10:17:00 -> CaloriesPrediction: Implement decision tree regressor
2026-01-07 13:58:00 -> CaloriesPrediction: Compare model performance results
2026-01-07 18:21:00 -> CaloriesPrediction: Store experiment outputs
2026-01-11 09:36:00 -> CaloriesPrediction: Train random forest regression model
2026-01-14 11:15:00 -> CaloriesPrediction: Add hyperparameter tuning workflow
2026-01-14 16:52:00 -> CaloriesPrediction: Improve validation metrics reporting
2026-01-18 08:55:00 -> CaloriesPrediction: Generate feature importance charts
2026-01-18 12:43:00 -> CaloriesPrediction: Optimize random forest parameters
2026-01-18 19:14:00 -> CaloriesPrediction: Save best performing model
2026-01-27 09:44:00 -> CaloriesPrediction: Build Flask application skeleton
2026-01-27 14:17:00 -> CaloriesPrediction: Configure API routing structure
2026-02-02 11:06:00 -> CaloriesPrediction: Create prediction endpoint
2026-02-02 15:40:00 -> CaloriesPrediction: Add request validation logic
2026-02-02 18:09:00 -> CaloriesPrediction: Improve API error responses
2026-02-10 10:55:00 -> CaloriesPrediction: Create user input form components
2026-02-10 14:31:00 -> CaloriesPrediction: Connect frontend with prediction API
2026-02-15 11:27:00 -> CaloriesPrediction: Improve responsive UI styling
2026-02-15 17:03:00 -> CaloriesPrediction: Add loading indicators for requests
2026-02-15 20:11:00 -> CaloriesPrediction: Polish prediction result display
2026-02-21 09:58:00 -> CaloriesPrediction: Add unit tests for prediction pipeline
2026-02-21 13:20:00 -> CaloriesPrediction: Fix validation edge cases
2026-03-03 09:08:00 -> CaloriesPrediction: Create deployment configuration
2026-03-03 14:29:00 -> CaloriesPrediction: Prepare production environment settings
2026-03-07 11:51:00 -> CaloriesPrediction: Update project documentation
2026-03-07 16:16:00 -> CaloriesPrediction: Add application screenshots
2026-03-12 10:24:00 -> CaloriesPrediction: Refactor backend prediction service
2026-03-12 15:48:00 -> CaloriesPrediction: Optimize API response generation
